# JRE version: OpenJDK Runtime Environment (21.0.9) (build 21.0.9+-14649483-b1163.86)
# Java VM: OpenJDK 64-Bit Server VM (21.0.9+-14649483-b1163.86, mixed mode, tiered, compressed oops, compressed class ptrs, g1 gc, windows-amd64)
GC Precious Log:
 CardTable entry size: 512
 Card Set container configuration: InlinePtr #cards 5 size 8 Array Of Cards #cards 12 size 40 Howl #buckets 4 coarsen threshold 1843 Howl Bitmap #cards 512 size 80 coarsen threshold 460 Card regions per heap region 1 cards per card region 2048
 CPUs: 8 total, 8 available
 Memory: 7991M
 Large Page Support: Disabled
 NUMA Support: Disabled
 Compressed Oops: Enabled (32-bit)
 Heap Region Size: 1M
 Heap Min Capacity: 8M
 Heap Initial Capacity: 126M
 Heap Max Capacity: 2G
 Pre-touch: Disabled
 Parallel Workers: 8
 Concurrent Workers: 2
 Concurrent Refinement Workers: 8
 Periodic GC: Disabled
Heap:
 garbage-first heap   total 459776K, used 234179K [0x0000000080000000, 0x0000000100000000)
  region size 1024K, 123 young (125952K), 9 survivors (9216K)
 Metaspace       used 71503K, committed 73088K, reserved 1114112K
  class space    used 9707K, committed 10432K, reserved 1048576K
GC Heap History (20 events):
Event: 105.809 GC heap before
{Heap before GC invocations=110 (full 0):
 garbage-first heap   total 313344K, used 289935K [0x0000000080000000, 0x0000000100000000)
  region size 1024K, 183 young (187392K), 8 survivors (8192K)
 Metaspace       used 71203K, committed 72832K, reserved 1114112K
  class space    used 9691K, committed 10432K, reserved 1048576K
}
Event: 105.817 GC heap after
{Heap after GC invocations=111 (full 0):
 garbage-first heap   total 313344K, used 112421K [0x0000000080000000, 0x0000000100000000)
  region size 1024K, 10 young (10240K), 10 survivors (10240K)
 Metaspace       used 71203K, committed 72832K, reserved 1114112K
  class space    used 9691K, committed 10432K, reserved 1048576K
}
Event: 106.291 GC heap before
{Heap before GC invocations=112 (full 0):
 garbage-first heap   total 313344K, used 289573K [0x0000000080000000, 0x0000000100000000)
  region size 1024K, 183 young (187392K), 10 survivors (10240K)
 Metaspace       used 71203K, committed 72832K, reserved 1114112K
  class space    used 9691K, committed 10432K, reserved 1048576K
}
Event: 106.300 GC heap after
{Heap after GC invocations=113 (full 0):
 garbage-first heap   total 313344K, used 115467K [0x0000000080000000, 0x0000000100000000)
  region size 1024K, 13 young (13312K), 13 survivors (13312K)
 Metaspace       used 71203K, committed 72832K, reserved 1114112K
  class space    used 9691K, committed 10432K, reserved 1048576K
}
Event: 106.783 GC heap before
{Heap before GC invocations=113 (full 0):
 garbage-first heap   total 313344K, used 289547K [0x0000000080000000, 0x0000000100000000)
  region size 1024K, 183 young (187392K), 13 survivors (13312K)
 Metaspace       used 71275K, committed 72896K, reserved 1114112K
  class space    used 9692K, committed 10432K, reserved 1048576K
}
Event: 106.793 GC heap after
{Heap after GC invocations=114 (full 0):
 garbage-first heap   total 313344K, used 113188K [0x0000000080000000, 0x0000000100000000)
  region size 1024K, 14 young (14336K), 14 survivors (14336K)
 Metaspace       used 71275K, committed 72896K, reserved 1114112K
  class space    used 9692K, committed 10432K, reserved 1048576K
}
Event: 107.176 GC heap before
{Heap before GC invocations=114 (full 0):
 garbage-first heap   total 313344K, used 286244K [0x0000000080000000, 0x0000000100000000)
  region size 1024K, 183 young (187392K), 14 survivors (14336K)
 Metaspace       used 71275K, committed 72896K, reserved 1114112K
  class space    used 9692K, committed 10432K, reserved 1048576K
}
Event: 107.199 GC heap after
{Heap after GC invocations=115 (full 0):
 garbage-first heap   total 376832K, used 115388K [0x0000000080000000, 0x0000000100000000)
  region size 1024K, 14 young (14336K), 14 survivors (14336K)
 Metaspace       used 71275K, committed 72896K, reserved 1114112K
  class space    used 9692K, committed 10432K, reserved 1048576K
}
Event: 107.638 GC heap before
{Heap before GC invocations=116 (full 0):
 garbage-first heap   total 376832K, used 326332K [0x0000000080000000, 0x0000000100000000)
  region size 1024K, 220 young (225280K), 14 survivors (14336K)
 Metaspace       used 71275K, committed 72896K, reserved 1114112K
  class space    used 9692K, committed 10432K, reserved 1048576K
}
Event: 107.647 GC heap after
{Heap after GC invocations=117 (full 0):
 garbage-first heap   total 376832K, used 119186K [0x0000000080000000, 0x0000000100000000)
  region size 1024K, 17 young (17408K), 17 survivors (17408K)
 Metaspace       used 71275K, committed 72896K, reserved 1114112K
  class space    used 9692K, committed 10432K, reserved 1048576K
}
Event: 108.038 GC heap before
{Heap before GC invocations=117 (full 0):
 garbage-first heap   total 376832K, used 327058K [0x0000000080000000, 0x0000000100000000)
  region size 1024K, 220 young (225280K), 17 survivors (17408K)
 Metaspace       used 71284K, committed 72896K, reserved 1114112K
  class space    used 9692K, committed 10432K, reserved 1048576K
}
Event: 108.058 GC heap after
{Heap after GC invocations=118 (full 0):
 garbage-first heap   total 376832K, used 119056K [0x0000000080000000, 0x0000000100000000)
  region size 1024K, 17 young (17408K), 17 survivors (17408K)
 Metaspace       used 71284K, committed 72896K, reserved 1114112K
  class space    used 9692K, committed 10432K, reserved 1048576K
}
Event: 108.522 GC heap before
{Heap before GC invocations=118 (full 0):
 garbage-first heap   total 376832K, used 326928K [0x0000000080000000, 0x0000000100000000)
  region size 1024K, 220 young (225280K), 17 survivors (17408K)
 Metaspace       used 71285K, committed 72896K, reserved 1114112K
  class space    used 9692K, committed 10432K, reserved 1048576K
}
Event: 108.560 GC heap after
{Heap after GC invocations=119 (full 0):
 garbage-first heap   total 376832K, used 121697K [0x0000000080000000, 0x0000000100000000)
  region size 1024K, 16 young (16384K), 16 survivors (16384K)
 Metaspace       used 71285K, committed 72896K, reserved 1114112K
  class space    used 9692K, committed 10432K, reserved 1048576K
}
Event: 109.316 GC heap before
{Heap before GC invocations=119 (full 0):
 garbage-first heap   total 376832K, used 337761K [0x0000000080000000, 0x0000000100000000)
  region size 1024K, 220 young (225280K), 16 survivors (16384K)
 Metaspace       used 71321K, committed 72960K, reserved 1114112K
  class space    used 9699K, committed 10432K, reserved 1048576K
}
Event: 109.338 GC heap after
{Heap after GC invocations=120 (full 0):
 garbage-first heap   total 376832K, used 123977K [0x0000000080000000, 0x0000000100000000)
  region size 1024K, 21 young (21504K), 21 survivors (21504K)
 Metaspace       used 71321K, committed 72960K, reserved 1114112K
  class space    used 9699K, committed 10432K, reserved 1048576K
}
Event: 109.979 GC heap before
{Heap before GC invocations=120 (full 0):
 garbage-first heap   total 376832K, used 333897K [0x0000000080000000, 0x0000000100000000)
  region size 1024K, 220 young (225280K), 21 survivors (21504K)
 Metaspace       used 71402K, committed 73024K, reserved 1114112K
  class space    used 9699K, committed 10432K, reserved 1048576K
}
Event: 109.994 GC heap after
{Heap after GC invocations=121 (full 0):
 garbage-first heap   total 459776K, used 118935K [0x0000000080000000, 0x0000000100000000)
  region size 1024K, 10 young (10240K), 10 survivors (10240K)
 Metaspace       used 71402K, committed 73024K, reserved 1114112K
  class space    used 9699K, committed 10432K, reserved 1048576K
}
Event: 111.031 GC heap before
{Heap before GC invocations=121 (full 0):
 garbage-first heap   total 459776K, used 383127K [0x0000000080000000, 0x0000000100000000)
  region size 1024K, 269 young (275456K), 10 survivors (10240K)
 Metaspace       used 71424K, committed 73024K, reserved 1114112K
  class space    used 9699K, committed 10432K, reserved 1048576K
}
Event: 111.039 GC heap after
{Heap after GC invocations=122 (full 0):
 garbage-first heap   total 459776K, used 118467K [0x0000000080000000, 0x0000000100000000)
  region size 1024K, 9 young (9216K), 9 survivors (9216K)
 Metaspace       used 71424K, committed 73024K, reserved 1114112K
  class space    used 9699K, committed 10432K, reserved 1048576K
}

